2025-10-19 07:21:02,349 - INFO - [LOG] Model loaded successfully from /home/legionlinux/miniconda3/envs/jaxenv/__INIT__/Binary-Text-Classification-with-Sklearn-Jax/backend/../models/sklearn/logreg-80k.joblib
2025-10-19 07:21:02,370 - INFO - [INFO] Starting Sklearn FastAPI server...
2025-10-19 07:21:27,598 - INFO - Text: 'Hey!! I am very happy!...' | Sentiment: POSITIVE | Time: 9.15 ms
2025-10-19 07:21:47,604 - INFO - Text: 'I guess you can say I am sad...' | Sentiment: NEGATIVE | Time: 0.99 ms
2025-10-19 07:22:53,975 - INFO - [LOG] JAX Model loaded successfully from /home/legionlinux/miniconda3/envs/jaxenv/__INIT__/Binary-Text-Classification-with-Sklearn-Jax/backend/../models/jax/bag_of_words-with_pooling/pooling_batch-200_2-hidden=256-128_pipeline.joblib
2025-10-19 07:22:54,002 - INFO - [INFO] Starting JAX FastAPI server...
2025-10-19 07:42:48,333 - INFO - [LOG] Model loaded successfully from /home/legionlinux/miniconda3/envs/jaxenv/__INIT__/Binary-Text-Classification-with-Sklearn-Jax/backend/../models/sklearn/logreg-80k.joblib
2025-10-19 07:42:48,364 - INFO - [INFO] Starting Sklearn FastAPI server...
2025-10-19 07:43:46,881 - INFO - Text: 'Hey nice to meet you!...' | Sentiment: POSITIVE | Time: 11.0 ms
2025-10-19 07:44:09,417 - INFO - Text: 'This is really bad!...' | Sentiment: NEGATIVE | Time: 0.64 ms
2025-10-19 07:52:18,454 - INFO - Text: 'qwwer...' | Sentiment: POSITIVE | Time: 2.01 ms
2025-10-19 07:53:55,873 - INFO - Text: 'It is my pleasure!!!...' | Sentiment: POSITIVE | Time: 1.15 ms
2025-10-19 07:54:09,114 - INFO - Text: 'It is a bad thing to do1...' | Sentiment: NEGATIVE | Time: 1.35 ms
2025-10-19 07:55:37,783 - INFO - Text: 'qwfghjkk...' | Sentiment: POSITIVE | Time: 1.17 ms
2025-10-19 07:55:53,530 - INFO - Text: 'It is the worst thing I have seen...' | Sentiment: NEGATIVE | Time: 1.71 ms
2025-10-19 07:57:01,512 - INFO - Text: 'I have a bad idea...' | Sentiment: NEGATIVE | Time: 0.91 ms
2025-10-19 07:58:12,764 - INFO - [LOG] JAX Model loaded successfully from /home/legionlinux/miniconda3/envs/jaxenv/__INIT__/Binary-Text-Classification-with-Sklearn-Jax/backend/../models/jax/bag_of_words-with_pooling/pooling_batch-200_2-hidden=256-128_pipeline.joblib
2025-10-19 07:58:12,792 - INFO - [INFO] Starting JAX FastAPI server...
2025-10-19 08:00:33,393 - INFO - [LOG] JAX Model loaded successfully from /home/legionlinux/miniconda3/envs/jaxenv/__INIT__/Binary-Text-Classification-with-Sklearn-Jax/backend/../models/jax/bag_of_words-with_pooling/pooling_batch-200_2-hidden=256-128_pipeline.joblib
2025-10-19 08:00:33,406 - INFO - [INFO] Starting JAX FastAPI server...
2025-10-19 08:00:45,902 - INFO - Unable to initialize backend 'tpu': INTERNAL: Failed to open libtpu.so: libtpu.so: cannot open shared object file: No such file or directory
2025-10-19 08:00:45,903 - WARNING - An NVIDIA GPU may be present on this machine, but a CUDA-enabled jaxlib is not installed. Falling back to cpu.
2025-10-19 08:00:46,356 - ERROR - [LOG] Error during prediction: Initializer expected to generate shape (128, 256) but got shape (128, 128) instead for parameter "kernel" in "/Dense_0". (https://flax.readthedocs.io/en/latest/api_reference/flax.errors.html#flax.errors.ScopeParamShapeError)
2025-10-19 08:00:48,917 - ERROR - [LOG] Error during prediction: Initializer expected to generate shape (128, 256) but got shape (128, 128) instead for parameter "kernel" in "/Dense_0". (https://flax.readthedocs.io/en/latest/api_reference/flax.errors.html#flax.errors.ScopeParamShapeError)
2025-10-19 08:00:49,726 - ERROR - [LOG] Error during prediction: Initializer expected to generate shape (128, 256) but got shape (128, 128) instead for parameter "kernel" in "/Dense_0". (https://flax.readthedocs.io/en/latest/api_reference/flax.errors.html#flax.errors.ScopeParamShapeError)
2025-10-19 08:00:50,481 - ERROR - [LOG] Error during prediction: Initializer expected to generate shape (128, 256) but got shape (128, 128) instead for parameter "kernel" in "/Dense_0". (https://flax.readthedocs.io/en/latest/api_reference/flax.errors.html#flax.errors.ScopeParamShapeError)
2025-10-19 08:00:52,726 - ERROR - [LOG] Error during prediction: Initializer expected to generate shape (128, 256) but got shape (128, 128) instead for parameter "kernel" in "/Dense_0". (https://flax.readthedocs.io/en/latest/api_reference/flax.errors.html#flax.errors.ScopeParamShapeError)
2025-10-19 08:00:53,128 - ERROR - [LOG] Error during prediction: Initializer expected to generate shape (128, 256) but got shape (128, 128) instead for parameter "kernel" in "/Dense_0". (https://flax.readthedocs.io/en/latest/api_reference/flax.errors.html#flax.errors.ScopeParamShapeError)
2025-10-19 08:00:53,461 - ERROR - [LOG] Error during prediction: Initializer expected to generate shape (128, 256) but got shape (128, 128) instead for parameter "kernel" in "/Dense_0". (https://flax.readthedocs.io/en/latest/api_reference/flax.errors.html#flax.errors.ScopeParamShapeError)
2025-10-19 08:00:53,661 - ERROR - [LOG] Error during prediction: Initializer expected to generate shape (128, 256) but got shape (128, 128) instead for parameter "kernel" in "/Dense_0". (https://flax.readthedocs.io/en/latest/api_reference/flax.errors.html#flax.errors.ScopeParamShapeError)
2025-10-19 08:02:45,381 - INFO - [LOG] JAX Model loaded successfully from /home/legionlinux/miniconda3/envs/jaxenv/__INIT__/Binary-Text-Classification-with-Sklearn-Jax/backend/../models/jax/bag_of_words-with_pooling/pooling_batch-300_pipeline.joblib
2025-10-19 08:02:45,415 - INFO - [INFO] Starting JAX FastAPI server...
2025-10-19 08:02:58,052 - INFO - Unable to initialize backend 'tpu': INTERNAL: Failed to open libtpu.so: libtpu.so: cannot open shared object file: No such file or directory
2025-10-19 08:02:58,052 - WARNING - An NVIDIA GPU may be present on this machine, but a CUDA-enabled jaxlib is not installed. Falling back to cpu.
2025-10-19 08:02:58,453 - INFO - Text: 'This is my wonderful life...' | Sentiment: POSITIVE | Time: 402.01 ms
2025-10-19 08:03:18,098 - INFO - Text: 'I thing you are broken and not that good...' | Sentiment: NEGATIVE | Time: 8.75 ms
2025-10-19 08:40:52,945 - INFO - [LOG] JAX Model loaded successfully from /home/legionlinux/miniconda3/envs/jaxenv/__INIT__/Binary-Text-Classification-with-Sklearn-Jax/backend/../models/jax/bag_of_words-with_pooling/pooling_batch-300_pipeline.joblib
2025-10-19 08:40:52,979 - INFO - [INFO] Starting JAX FastAPI server...
2025-10-19 08:42:51,287 - INFO - Unable to initialize backend 'tpu': INTERNAL: Failed to open libtpu.so: libtpu.so: cannot open shared object file: No such file or directory
2025-10-19 08:42:51,288 - WARNING - An NVIDIA GPU may be present on this machine, but a CUDA-enabled jaxlib is not installed. Falling back to cpu.
2025-10-19 08:42:51,930 - INFO - Text: 'Every challenge you face is not a roadblock but a ...' | Sentiment: POSITIVE | Time: 687.77 ms
2025-10-19 08:45:29,066 - INFO - Text: 'Even when surrounded by people, you can feel profo...' | Sentiment: NEGATIVE | Time: 11.38 ms
2025-10-20 04:52:34,542 - INFO - [LOG] JAX Model loaded successfully from /home/legionlinux/miniconda3/envs/jaxenv/__INIT__/Binary-Text-Classification-with-Sklearn-Jax/backend/../models/jax/bag_of_words-with_pooling/pooling_batch-300_pipeline.joblib
2025-10-20 04:52:34,588 - INFO - [INFO] Starting JAX FastAPI server...
2025-10-20 04:53:30,601 - INFO - Unable to initialize backend 'tpu': INTERNAL: Failed to open libtpu.so: libtpu.so: cannot open shared object file: No such file or directory
2025-10-20 04:53:30,601 - WARNING - An NVIDIA GPU may be present on this machine, but a CUDA-enabled jaxlib is not installed. Falling back to cpu.
2025-10-20 04:53:31,228 - INFO - Text: 'i am sad...' | Sentiment: NEGATIVE | Time: 652.9 ms
2025-11-14 07:21:03,023 - INFO - [LOG] JAX Model loaded successfully from /home/legionlinux/miniconda3/envs/jaxenv/__INIT__/Binary-Text-Classification-with-Sklearn-Jax/backend/../models/jax/bag_of_words-with_pooling/pooling_batch-300_pipeline.joblib
2025-11-14 07:21:03,049 - INFO - [INFO] Starting JAX FastAPI server...
2025-11-14 07:24:41,373 - INFO - Unable to initialize backend 'tpu': INTERNAL: Failed to open libtpu.so: libtpu.so: cannot open shared object file: No such file or directory
2025-11-14 07:24:41,373 - WARNING - An NVIDIA GPU may be present on this machine, but a CUDA-enabled jaxlib is not installed. Falling back to cpu.
2025-11-14 07:24:41,851 - INFO - Text: 'it is a good day...' | Sentiment: POSITIVE | Time: 501.31 ms
2025-11-14 07:56:28,751 - INFO - [LOG] JAX Model loaded successfully from /home/legionlinux/miniconda3/envs/jaxenv/__INIT__/Binary-Text-Classification-with-Sklearn-Jax/backend/../models/jax/bag_of_words-with_pooling/pooling_batch-300_pipeline.joblib
2025-11-14 07:56:28,780 - INFO - [INFO] Starting JAX FastAPI server...
2025-11-14 08:04:46,933 - INFO - Unable to initialize backend 'tpu': INTERNAL: Failed to open libtpu.so: libtpu.so: cannot open shared object file: No such file or directory
2025-11-14 08:04:46,934 - WARNING - An NVIDIA GPU may be present on this machine, but a CUDA-enabled jaxlib is not installed. Falling back to cpu.
2025-11-14 08:04:47,689 - INFO - Text: 'Progress becomes exponential when consistent effor...' | Sentiment: POSITIVE | Time: 829.91 ms
2025-11-14 08:10:56,920 - INFO - Text: 'Progress becomes exponential when consistent effor...' | Sentiment: POSITIVE | Time: 30.96 ms
2025-11-14 08:11:21,420 - INFO - Text: 'Progress becomes exponential when consistent effor...' | Sentiment: POSITIVE | Time: 17.05 ms
2025-11-14 08:12:03,850 - INFO - Text: 'Momentum collapses quickly when unresolved bottlen...' | Sentiment: NEGATIVE | Time: 13.48 ms
2025-12-28 15:07:04,182 - INFO - [LOG] JAX Model loaded successfully from /home/legionlinux/miniconda3/envs/jaxenv/__INIT__/Binary-Text-Classification-with-Sklearn-Jax/backend/../models/jax/bag_of_words-with_pooling/pooling_batch-300_pipeline.joblib
2025-12-28 15:07:04,226 - INFO - [INFO] Starting JAX FastAPI server...
2025-12-28 15:07:21,270 - INFO - Unable to initialize backend 'tpu': INTERNAL: Failed to open libtpu.so: libtpu.so: cannot open shared object file: No such file or directory
2025-12-28 15:07:21,270 - WARNING - An NVIDIA GPU may be present on this machine, but a CUDA-enabled jaxlib is not installed. Falling back to cpu.
2025-12-28 15:07:21,855 - INFO - Text: 'Happy...' | Sentiment: POSITIVE | Time: 618.12 ms
2026-01-17 18:29:13,518 - INFO - [LOG] JAX Model loaded: pooling-300 from /home/legionlinux/miniconda3/envs/jaxenv/__INIT__/Binary-Text-Classification-with-Sklearn-Jax/backend/../models/jax/bag_of_words-with_pooling/pooling_batch-300_pipeline.joblib
2026-01-17 18:29:13,954 - INFO - [LOG] JAX Model loaded: pooling-200-h256 from /home/legionlinux/miniconda3/envs/jaxenv/__INIT__/Binary-Text-Classification-with-Sklearn-Jax/backend/../models/jax/bag_of_words-with_pooling/pooling_batch-200-hidden=256_pipeline.joblib
2026-01-17 18:29:14,426 - INFO - [LOG] JAX Model loaded: pooling-200-2h from /home/legionlinux/miniconda3/envs/jaxenv/__INIT__/Binary-Text-Classification-with-Sklearn-Jax/backend/../models/jax/bag_of_words-with_pooling/pooling_batch-200_2-hidden=256-128_pipeline.joblib
2026-01-17 18:29:14,426 - INFO - [LOG] All 3 JAX models loaded successfully!
2026-01-17 18:29:14,452 - INFO - [INFO] Starting JAX FastAPI server...
2026-01-17 18:29:35,549 - INFO - Unable to initialize backend 'tpu': INTERNAL: Failed to open libtpu.so: libtpu.so: cannot open shared object file: No such file or directory
2026-01-17 18:29:35,549 - WARNING - An NVIDIA GPU may be present on this machine, but a CUDA-enabled jaxlib is not installed. Falling back to cpu.
2026-01-17 18:29:35,833 - INFO - Model: pooling-300 | Text: 'I love this product!...' | Sentiment: POSITIVE | Time: 300.08 ms
2026-01-17 18:29:52,860 - INFO - Model: pooling-300 | Text: 'This is amazing!...' | Sentiment: POSITIVE | Time: 5.86 ms
2026-01-17 18:29:52,941 - INFO - Model: pooling-200-h256 | Text: 'This is amazing!...' | Sentiment: POSITIVE | Time: 73.04 ms
2026-01-17 18:29:53,030 - INFO - Model: pooling-200-2h | Text: 'This is amazing!...' | Sentiment: POSITIVE | Time: 7.49 ms
2026-01-17 18:29:59,671 - INFO - Model: pooling-200-2h | Text: 'This is amazing!...' | Sentiment: POSITIVE | Time: 9.93 ms
2026-01-17 18:30:01,214 - INFO - Model: pooling-200-2h | Text: 'This is amazing!...' | Sentiment: POSITIVE | Time: 7.56 ms
2026-01-17 18:45:54,439 - INFO - [LOG] Loaded sklearn model: sklearn-logreg
2026-01-17 18:45:54,857 - INFO - [LOG] Loaded JAX model: jax-pooling-300
2026-01-17 18:45:55,316 - INFO - [LOG] Loaded JAX model: jax-pooling-200-h256
2026-01-17 18:45:55,717 - INFO - [LOG] Loaded JAX model: jax-pooling-200-2h
2026-01-17 18:45:55,717 - INFO - [LOG] Total models loaded: 4
2026-01-17 18:45:55,742 - INFO - [INFO] Starting Unified FastAPI server...
2026-01-17 18:47:13,902 - INFO - Unable to initialize backend 'tpu': INTERNAL: Failed to open libtpu.so: libtpu.so: cannot open shared object file: No such file or directory
2026-01-17 18:47:13,902 - WARNING - An NVIDIA GPU may be present on this machine, but a CUDA-enabled jaxlib is not installed. Falling back to cpu.
2026-01-17 18:47:14,354 - INFO - Model: jax-pooling-200-h256 | Text: 'I been a long day, without you my friend...' | Sentiment: NEGATIVE | Time: 480.26 ms
2026-01-17 18:47:19,071 - INFO - Model: sklearn-logreg | Text: 'I been a long day, without you my friend...' | Sentiment: NEGATIVE | Time: 9.73 ms
2026-01-17 18:47:21,928 - INFO - Model: jax-pooling-300 | Text: 'I been a long day, without you my friend...' | Sentiment: NEGATIVE | Time: 89.53 ms
2026-01-17 18:47:24,202 - INFO - Model: jax-pooling-200-2h | Text: 'I been a long day, without you my friend...' | Sentiment: NEGATIVE | Time: 10.55 ms
2026-01-17 18:58:25,365 - INFO - Model: jax-pooling-300 | Text: 'Happy...' | Sentiment: POSITIVE | Time: 13.82 ms
2026-01-17 18:58:30,849 - INFO - Model: sklearn-logreg | Text: 'Happy...' | Sentiment: POSITIVE | Time: 2.04 ms
2026-01-17 19:03:42,792 - INFO - Model: sklearn-logreg | Text: 'Happy...' | Sentiment: POSITIVE | Time: 2.1 ms
2026-01-17 19:09:46,251 - INFO - Model: sklearn-logreg | Text: 'Happy...' | Sentiment: POSITIVE | Time: 2.08 ms
2026-01-17 19:18:47,683 - INFO - [LOG] Loaded sklearn model: sklearn-logreg
2026-01-17 19:18:48,126 - INFO - [LOG] Loaded JAX model: jax-pooling-300
2026-01-17 19:18:48,587 - INFO - [LOG] Loaded JAX model: jax-pooling-200-h256
2026-01-17 19:18:49,028 - INFO - [LOG] Loaded JAX model: jax-pooling-200-2h
2026-01-17 19:18:49,028 - INFO - [LOG] Total models loaded: 4
2026-01-17 19:18:49,069 - INFO - [INFO] Starting Unified FastAPI server...
2026-01-17 19:19:48,743 - INFO - Model: sklearn-logreg | Text: 'happy...' | Sentiment: POSITIVE | Time: 7.98 ms
2026-01-17 19:19:59,601 - INFO - Unable to initialize backend 'tpu': INTERNAL: Failed to open libtpu.so: libtpu.so: cannot open shared object file: No such file or directory
2026-01-17 19:19:59,601 - WARNING - An NVIDIA GPU may be present on this machine, but a CUDA-enabled jaxlib is not installed. Falling back to cpu.
2026-01-17 19:20:00,107 - INFO - Model: jax-pooling-300 | Text: 'happy...' | Sentiment: POSITIVE | Time: 558.38 ms
2026-01-17 19:47:27,361 - INFO - Model: jax-pooling-300 | Text: 'happy...' | Sentiment: POSITIVE | Time: 21.94 ms
2026-01-17 19:47:32,475 - INFO - Model: sklearn-logreg | Text: 'happy...' | Sentiment: POSITIVE | Time: 2.9 ms
