2025-08-20 15:07:47,086 - INFO - Model loaded successfully.
2025-08-20 15:08:21,770 - INFO - Text: 'This product is amazing!' | Prediction: 1 | Time: 2.58 ms
2025-08-20 15:08:56,072 - INFO - Text: 'It is amazing to be here!' | Prediction: 1 | Time: 1.35 ms
2025-08-20 15:09:15,436 - INFO - Text: 'The boy looked so sad.' | Prediction: 0 | Time: 1.3 ms
2025-08-21 08:12:04,784 - INFO - Model loaded successfully.
2025-08-21 08:15:49,039 - INFO - Text: 'I had a very bad day.' | Prediction: 0 | Time: 20.22 ms
2025-08-21 08:18:10,418 - INFO - Model loaded successfully.
2025-08-21 08:18:15,867 - INFO - Text: 'I had a very bad day.' | Prediction: 0 | Time: 2.46 ms
2025-08-21 08:18:18,709 - INFO - Text: 'I had a very bad day.' | Prediction: 0 | Time: 1.81 ms
2025-08-21 08:18:52,309 - INFO - Model loaded successfully.
2025-08-21 08:18:57,483 - INFO - Text: 'I had a very bad day.' | Prediction: 0 | Time: 7.83 ms
2025-08-21 08:23:54,212 - INFO - Model loaded successfully.
2025-08-21 08:24:09,495 - INFO - Model loaded successfully.
2025-08-21 08:24:11,265 - INFO - Model loaded successfully.
2025-08-21 08:24:10,492 - INFO - Model loaded successfully.
2025-08-21 08:24:15,501 - INFO - Model loaded successfully.
2025-08-21 08:28:13,652 - INFO - Model loaded successfully.
2025-08-21 08:32:41,248 - INFO - Model loaded successfully.
2025-08-21 08:38:12,214 - INFO - Model loaded successfully.
2025-08-21 08:39:59,765 - INFO - Text: 'hi' | Prediction: 1 | Time: 11.32 ms
2025-08-21 08:40:01,312 - INFO - Text: 'hi' | Prediction: 1 | Time: 1.28 ms
2025-08-21 08:40:01,953 - INFO - Text: 'hi' | Prediction: 1 | Time: 1.29 ms
2025-08-21 08:40:02,827 - INFO - Text: 'hi' | Prediction: 1 | Time: 1.4 ms
2025-08-21 08:40:03,388 - INFO - Text: 'hi' | Prediction: 1 | Time: 1.22 ms
2025-08-21 08:40:04,015 - INFO - Text: 'hi' | Prediction: 1 | Time: 1.19 ms
2025-08-21 08:40:04,569 - INFO - Text: 'hi' | Prediction: 1 | Time: 1.25 ms
2025-08-21 08:40:05,245 - INFO - Text: 'hi' | Prediction: 1 | Time: 1.57 ms
2025-08-21 08:40:22,390 - INFO - Text: 'This is fabulous' | Prediction: 1 | Time: 13.87 ms
2025-08-21 08:40:23,106 - INFO - Text: 'This is fabulous' | Prediction: 1 | Time: 1.6 ms
2025-08-21 14:26:25,669 - INFO - Model loaded successfully.
2025-08-21 14:27:00,435 - ERROR - Error during prediction: 'dict' object has no attribute 'predict'
2025-08-21 14:29:10,197 - INFO - Model loaded successfully.
2025-08-21 14:34:01,197 - ERROR - Failed to load model: name 'vocab_size' is not defined
2025-08-21 14:37:18,913 - INFO - Model loaded successfully.
2025-08-21 14:37:32,709 - INFO - Unable to initialize backend 'tpu': INTERNAL: Failed to open libtpu.so: libtpu.so: cannot open shared object file: No such file or directory
2025-08-21 14:37:32,709 - WARNING - An NVIDIA GPU may be present on this machine, but a CUDA-enabled jaxlib is not installed. Falling back to cpu.
2025-08-21 14:37:33,481 - INFO - Text: 'I love this' | Prediction: 1 | Time: 831.97 ms
2025-08-21 14:37:51,368 - INFO - Text: 'I like this place very much' | Prediction: 0 | Time: 16.75 ms
2025-08-21 14:37:54,757 - INFO - Text: 'I like this place very much' | Prediction: 0 | Time: 14.83 ms
2025-08-21 14:37:55,455 - INFO - Text: 'I like this place very much' | Prediction: 0 | Time: 15.05 ms
2025-08-21 14:37:56,012 - INFO - Text: 'I like this place very much' | Prediction: 0 | Time: 14.3 ms
2025-08-21 14:37:56,347 - INFO - Text: 'I like this place very much' | Prediction: 0 | Time: 14.8 ms
2025-08-21 14:38:04,280 - INFO - Text: 'You are the worst' | Prediction: 0 | Time: 14.34 ms
2025-08-21 14:38:05,150 - INFO - Text: 'You are the worst' | Prediction: 0 | Time: 14.62 ms
2025-08-21 14:38:05,596 - INFO - Text: 'You are the worst' | Prediction: 0 | Time: 14.23 ms
2025-08-21 14:38:05,786 - INFO - Text: 'You are the worst' | Prediction: 0 | Time: 14.92 ms
2025-08-21 14:38:05,957 - INFO - Text: 'You are the worst' | Prediction: 0 | Time: 14.99 ms
2025-08-21 14:38:06,117 - INFO - Text: 'You are the worst' | Prediction: 0 | Time: 14.41 ms
